<?xml version="1.0" encoding="UTF-8"?>
<robot generator="Robot 7.2 (Python 3.12.8 on win32)" generated="2025-01-15T20:05:23.164814" rpa="false" schemaversion="5">
<suite id="s1" name="Projeto Robot" source="c:\Users\bilan\OneDrive\Área de Trabalho\projeto_robot\test\projeto_robot.robot">
<test id="s1-t1" name="Successful Login" line="9">
<kw name="Open Browser" owner="SeleniumLibrary" type="SETUP">
<msg time="2025-01-15T20:05:24.330913" level="INFO">Opening browser 'edge' to base url 'None'.</msg>
<arg>browser=edge</arg>
<doc>Opens a new browser instance to the optional ``url``.</doc>
<status status="PASS" start="2025-01-15T20:05:24.327913" elapsed="1.574671"/>
</kw>
<kw name="I navigate to the login page" owner="login_keywords">
<kw name="Go To" owner="SeleniumLibrary">
<msg time="2025-01-15T20:05:25.914094" level="INFO">Opening url 'https://www.saucedemo.com/'</msg>
<arg>${URL}</arg>
<doc>Navigates the current browser window to the provided ``url``.</doc>
<status status="PASS" start="2025-01-15T20:05:25.911093" elapsed="0.478302"/>
</kw>
<arg>${URL}</arg>
<status status="PASS" start="2025-01-15T20:05:25.906092" elapsed="0.484303"/>
</kw>
<kw name="Input correct credentials" owner="login_keywords">
<kw name="Wait Until Element Is Visible" owner="SeleniumLibrary">
<arg>id=user-name</arg>
<doc>Waits until the element ``locator`` is visible.</doc>
<status status="PASS" start="2025-01-15T20:05:26.397397" elapsed="0.171039"/>
</kw>
<kw name="Input Text" owner="SeleniumLibrary">
<msg time="2025-01-15T20:05:26.576440" level="INFO">Typing text 'standard_user' into text field 'id=user-name'.</msg>
<arg>id=user-name</arg>
<arg>${LOGIN_DATA["correctData"]["username"]}</arg>
<doc>Types the given ``text`` into the text field identified by ``locator``.</doc>
<status status="PASS" start="2025-01-15T20:05:26.570437" elapsed="0.147033"/>
</kw>
<kw name="Input Text" owner="SeleniumLibrary">
<msg time="2025-01-15T20:05:26.723472" level="INFO">Typing text 'secret_sauce' into text field 'id=password'.</msg>
<arg>id=password</arg>
<arg>${LOGIN_DATA["correctData"]["password"]}</arg>
<doc>Types the given ``text`` into the text field identified by ``locator``.</doc>
<status status="PASS" start="2025-01-15T20:05:26.719471" elapsed="0.111792"/>
</kw>
<status status="PASS" start="2025-01-15T20:05:26.394397" elapsed="0.437867"/>
</kw>
<kw name="I click on the login button" owner="login_keywords">
<kw name="Click Button" owner="SeleniumLibrary">
<msg time="2025-01-15T20:05:26.838265" level="INFO">Clicking button 'id=login-button'.</msg>
<arg>id=login-button</arg>
<doc>Clicks the button identified by ``locator``.</doc>
<status status="PASS" start="2025-01-15T20:05:26.837265" elapsed="0.137032"/>
</kw>
<status status="PASS" start="2025-01-15T20:05:26.834264" elapsed="0.141032"/>
</kw>
<kw name="i am able view the home page" owner="login_keywords">
<kw name="Get Location" owner="SeleniumLibrary">
<msg time="2025-01-15T20:05:26.993300" level="INFO">${location} = https://www.saucedemo.com/inventory.html</msg>
<var>${location}</var>
<doc>Returns the current browser window URL.</doc>
<status status="PASS" start="2025-01-15T20:05:26.983298" elapsed="0.012003"/>
</kw>
<kw name="Should Be Equal" owner="BuiltIn">
<arg>${location}</arg>
<arg>https://www.saucedemo.com/inventory.html</arg>
<doc>Fails if the given objects are unequal.</doc>
<status status="PASS" start="2025-01-15T20:05:26.996301" elapsed="0.002000"/>
</kw>
<status status="PASS" start="2025-01-15T20:05:26.980297" elapsed="0.019004"/>
</kw>
<status status="PASS" start="2025-01-15T20:05:24.317911" elapsed="2.683391"/>
</test>
<test id="s1-t2" name="Unsuccessful Login - No credentials" line="15">
<kw name="Open Browser" owner="SeleniumLibrary" type="SETUP">
<msg time="2025-01-15T20:05:27.013304" level="INFO">Opening browser 'edge' to base url 'None'.</msg>
<arg>browser=edge</arg>
<doc>Opens a new browser instance to the optional ``url``.</doc>
<status status="PASS" start="2025-01-15T20:05:27.011304" elapsed="3.029810"/>
</kw>
<kw name="I navigate to the login page" owner="login_keywords">
<kw name="Go To" owner="SeleniumLibrary">
<msg time="2025-01-15T20:05:30.050125" level="INFO">Opening url 'https://www.saucedemo.com/'</msg>
<arg>${URL}</arg>
<doc>Navigates the current browser window to the provided ``url``.</doc>
<status status="PASS" start="2025-01-15T20:05:30.048116" elapsed="0.474903"/>
</kw>
<arg>${URL}</arg>
<status status="PASS" start="2025-01-15T20:05:30.045115" elapsed="0.478905"/>
</kw>
<kw name="Input No credentials" owner="login_keywords">
<kw name="Wait Until Element Is Visible" owner="SeleniumLibrary">
<arg>id=user-name</arg>
<doc>Waits until the element ``locator`` is visible.</doc>
<status status="PASS" start="2025-01-15T20:05:30.530021" elapsed="0.150034"/>
</kw>
<status status="PASS" start="2025-01-15T20:05:30.527020" elapsed="0.154035"/>
</kw>
<kw name="I click on the login button" owner="login_keywords">
<kw name="Click Button" owner="SeleniumLibrary">
<msg time="2025-01-15T20:05:30.687057" level="INFO">Clicking button 'id=login-button'.</msg>
<arg>id=login-button</arg>
<doc>Clicks the button identified by ``locator``.</doc>
<status status="PASS" start="2025-01-15T20:05:30.685057" elapsed="0.115026"/>
</kw>
<status status="PASS" start="2025-01-15T20:05:30.683057" elapsed="0.118027"/>
</kw>
<kw name="i am able view the Class Error Message for no credentials" owner="login_keywords">
<kw name="Wait Until Element Contains" owner="SeleniumLibrary">
<arg>class=error-message-container</arg>
<arg>${Error_Message["noCredentials"]}</arg>
<doc>Waits until the element ``locator`` contains ``text``.</doc>
<status status="PASS" start="2025-01-15T20:05:30.806085" elapsed="0.044010"/>
</kw>
<status status="PASS" start="2025-01-15T20:05:30.803084" elapsed="0.048011"/>
</kw>
<status status="PASS" start="2025-01-15T20:05:27.006304" elapsed="3.846879"/>
</test>
<test id="s1-t3" name="Unsuccessful Login - No Password" line="20">
<kw name="Open Browser" owner="SeleniumLibrary" type="SETUP">
<msg time="2025-01-15T20:05:30.865098" level="INFO">Opening browser 'edge' to base url 'None'.</msg>
<arg>browser=edge</arg>
<doc>Opens a new browser instance to the optional ``url``.</doc>
<status status="PASS" start="2025-01-15T20:05:30.863097" elapsed="3.150167"/>
</kw>
<kw name="I navigate to the login page" owner="login_keywords">
<kw name="Go To" owner="SeleniumLibrary">
<msg time="2025-01-15T20:05:34.021290" level="INFO">Opening url 'https://www.saucedemo.com/'</msg>
<arg>${URL}</arg>
<doc>Navigates the current browser window to the provided ``url``.</doc>
<status status="PASS" start="2025-01-15T20:05:34.019774" elapsed="0.603338"/>
</kw>
<arg>${URL}</arg>
<status status="PASS" start="2025-01-15T20:05:34.016189" elapsed="0.608769"/>
</kw>
<kw name="Input correct Username" owner="login_keywords">
<kw name="Wait Until Element Is Visible" owner="SeleniumLibrary">
<arg>id=user-name</arg>
<doc>Waits until the element ``locator`` is visible.</doc>
<status status="PASS" start="2025-01-15T20:05:34.628969" elapsed="0.025997"/>
</kw>
<kw name="Input Text" owner="SeleniumLibrary">
<msg time="2025-01-15T20:05:34.659967" level="INFO">Typing text 'standard_user' into text field 'id=user-name'.</msg>
<arg>id=user-name</arg>
<arg>${LOGIN_DATA["correctData"]["username"]}</arg>
<doc>Types the given ``text`` into the text field identified by ``locator``.</doc>
<status status="PASS" start="2025-01-15T20:05:34.656977" elapsed="0.138020"/>
</kw>
<status status="PASS" start="2025-01-15T20:05:34.626959" elapsed="0.169039"/>
</kw>
<kw name="I click on the login button" owner="login_keywords">
<kw name="Click Button" owner="SeleniumLibrary">
<msg time="2025-01-15T20:05:34.802064" level="INFO">Clicking button 'id=login-button'.</msg>
<arg>id=login-button</arg>
<doc>Clicks the button identified by ``locator``.</doc>
<status status="PASS" start="2025-01-15T20:05:34.800557" elapsed="0.200552"/>
</kw>
<status status="PASS" start="2025-01-15T20:05:34.797998" elapsed="0.204111"/>
</kw>
<kw name="i am able view the Class Error Message for no password" owner="login_keywords">
<kw name="Wait Until Element Contains" owner="SeleniumLibrary">
<arg>class=error-message-container</arg>
<arg>${Error_Message["noPassword"]}</arg>
<doc>Waits until the element ``locator`` contains ``text``.</doc>
<status status="PASS" start="2025-01-15T20:05:35.007110" elapsed="0.037009"/>
</kw>
<status status="PASS" start="2025-01-15T20:05:35.004110" elapsed="0.041009"/>
</kw>
<status status="PASS" start="2025-01-15T20:05:30.857097" elapsed="4.190022"/>
</test>
<test id="s1-t4" name="Unsuccessful Login - No Username" line="25">
<kw name="Open Browser" owner="SeleniumLibrary" type="SETUP">
<msg time="2025-01-15T20:05:35.056121" level="INFO">Opening browser 'edge' to base url 'None'.</msg>
<arg>browser=edge</arg>
<doc>Opens a new browser instance to the optional ``url``.</doc>
<status status="PASS" start="2025-01-15T20:05:35.055121" elapsed="3.146702"/>
</kw>
<kw name="I navigate to the login page" owner="login_keywords">
<kw name="Go To" owner="SeleniumLibrary">
<msg time="2025-01-15T20:05:38.211825" level="INFO">Opening url 'https://www.saucedemo.com/'</msg>
<arg>${URL}</arg>
<doc>Navigates the current browser window to the provided ``url``.</doc>
<status status="PASS" start="2025-01-15T20:05:38.209825" elapsed="0.691857"/>
</kw>
<arg>${URL}</arg>
<status status="PASS" start="2025-01-15T20:05:38.205824" elapsed="0.696867"/>
</kw>
<kw name="Input correct Password" owner="login_keywords">
<kw name="Wait Until Element Is Visible" owner="SeleniumLibrary">
<arg>id=user-name</arg>
<doc>Waits until the element ``locator`` is visible.</doc>
<status status="PASS" start="2025-01-15T20:05:38.905682" elapsed="0.035009"/>
</kw>
<kw name="Input Text" owner="SeleniumLibrary">
<msg time="2025-01-15T20:05:38.945692" level="INFO">Typing text 'secret_sauce' into text field 'id=password'.</msg>
<arg>id=password</arg>
<arg>${LOGIN_DATA["correctData"]["password"]}</arg>
<doc>Types the given ``text`` into the text field identified by ``locator``.</doc>
<status status="PASS" start="2025-01-15T20:05:38.941691" elapsed="0.155035"/>
</kw>
<status status="PASS" start="2025-01-15T20:05:38.903683" elapsed="0.195044"/>
</kw>
<kw name="I click on the login button" owner="login_keywords">
<kw name="Click Button" owner="SeleniumLibrary">
<msg time="2025-01-15T20:05:39.107729" level="INFO">Clicking button 'id=login-button'.</msg>
<arg>id=login-button</arg>
<doc>Clicks the button identified by ``locator``.</doc>
<status status="PASS" start="2025-01-15T20:05:39.106728" elapsed="0.119027"/>
</kw>
<status status="PASS" start="2025-01-15T20:05:39.104728" elapsed="0.122027"/>
</kw>
<kw name="i am able view the Class Error Message for no username" owner="login_keywords">
<kw name="Wait Until Element Contains" owner="SeleniumLibrary">
<arg>class=error-message-container</arg>
<arg>${Error_Message["noUsername"]}</arg>
<doc>Waits until the element ``locator`` contains ``text``.</doc>
<status status="PASS" start="2025-01-15T20:05:39.231757" elapsed="0.042010"/>
</kw>
<status status="PASS" start="2025-01-15T20:05:39.229757" elapsed="0.045010"/>
</kw>
<status status="PASS" start="2025-01-15T20:05:35.051121" elapsed="4.225647"/>
</test>
<test id="s1-t5" name="Unsuccessful Login - Wrong credentials" line="30">
<kw name="Open Browser" owner="SeleniumLibrary" type="SETUP">
<msg time="2025-01-15T20:05:39.288769" level="INFO">Opening browser 'edge' to base url 'None'.</msg>
<arg>browser=edge</arg>
<doc>Opens a new browser instance to the optional ``url``.</doc>
<status status="PASS" start="2025-01-15T20:05:39.286770" elapsed="3.180001"/>
</kw>
<kw name="I navigate to the login page" owner="login_keywords">
<kw name="Go To" owner="SeleniumLibrary">
<msg time="2025-01-15T20:05:42.474114" level="INFO">Opening url 'https://www.saucedemo.com/'</msg>
<arg>${URL}</arg>
<doc>Navigates the current browser window to the provided ``url``.</doc>
<status status="PASS" start="2025-01-15T20:05:42.471763" elapsed="0.529444"/>
</kw>
<arg>${URL}</arg>
<status status="PASS" start="2025-01-15T20:05:42.468763" elapsed="0.533443"/>
</kw>
<kw name="Input wrong credentials" owner="login_keywords">
<kw name="Wait Until Element Is Visible" owner="SeleniumLibrary">
<arg>id=user-name</arg>
<doc>Waits until the element ``locator`` is visible.</doc>
<status status="PASS" start="2025-01-15T20:05:43.007208" elapsed="0.167120"/>
</kw>
<kw name="Input Text" owner="SeleniumLibrary">
<msg time="2025-01-15T20:05:43.180249" level="INFO">Typing text 'WrongU' into text field 'id=user-name'.</msg>
<arg>id=user-name</arg>
<arg>${LOGIN_DATA["wrongData"]["username"]}</arg>
<doc>Types the given ``text`` into the text field identified by ``locator``.</doc>
<status status="PASS" start="2025-01-15T20:05:43.176248" elapsed="0.145032"/>
</kw>
<kw name="Input Text" owner="SeleniumLibrary">
<msg time="2025-01-15T20:05:43.328282" level="INFO">Typing text 'WrongP' into text field 'id=password'.</msg>
<arg>id=password</arg>
<arg>${LOGIN_DATA["wrongData"]["password"]}</arg>
<doc>Types the given ``text`` into the text field identified by ``locator``.</doc>
<status status="PASS" start="2025-01-15T20:05:43.323280" elapsed="0.126029"/>
</kw>
<status status="PASS" start="2025-01-15T20:05:43.004208" elapsed="0.446101"/>
</kw>
<kw name="I click on the login button" owner="login_keywords">
<kw name="Click Button" owner="SeleniumLibrary">
<msg time="2025-01-15T20:05:43.457311" level="INFO">Clicking button 'id=login-button'.</msg>
<arg>id=login-button</arg>
<doc>Clicks the button identified by ``locator``.</doc>
<status status="PASS" start="2025-01-15T20:05:43.456311" elapsed="0.111876"/>
</kw>
<status status="PASS" start="2025-01-15T20:05:43.453310" elapsed="0.116233"/>
</kw>
<kw name="i am able view the Class Error Message for wrong credentials" owner="login_keywords">
<kw name="Wait Until Element Contains" owner="SeleniumLibrary">
<arg>class=error-message-container</arg>
<arg>${Error_Message["wrongCredential"]}</arg>
<doc>Waits until the element ``locator`` contains ``text``.</doc>
<status status="PASS" start="2025-01-15T20:05:43.573454" elapsed="0.038924"/>
</kw>
<status status="PASS" start="2025-01-15T20:05:43.571188" elapsed="0.041190"/>
</kw>
<status status="PASS" start="2025-01-15T20:05:39.280768" elapsed="4.334078"/>
</test>
<status status="PASS" start="2025-01-15T20:05:23.186092" elapsed="20.434755"/>
</suite>
<statistics>
<total>
<stat pass="5" fail="0" skip="0">All Tests</stat>
</total>
<tag>
</tag>
<suite>
<stat name="Projeto Robot" id="s1" pass="5" fail="0" skip="0">Projeto Robot</stat>
</suite>
</statistics>
<errors>
</errors>
</robot>
